{"level":"emerg","message":"Probando emerg","timestamp":"2023-11-19 11:35:41.072 AM"}
{"level":"alert","message":"Probando alert","timestamp":"2023-11-19 11:35:41.074 AM"}
{"level":"crit","message":"Probando crit","timestamp":"2023-11-19 11:35:41.075 AM"}
{"level":"error","message":"Probando error","timestamp":"2023-11-19 11:35:41.076 AM"}
{"level":"warning","message":"Probando warning","timestamp":"2023-11-19 11:35:41.076 AM"}
{"level":"notice","message":"Probando notice","timestamp":"2023-11-19 11:35:41.076 AM"}
{"level":"info","message":"Probando info","timestamp":"2023-11-19 11:35:41.077 AM"}
{"level":"debug","message":"Probando debug","timestamp":"2023-11-19 11:35:41.077 AM"}
{"level":"emerg","message":"Probando emerg","timestamp":"2023-11-19 11:35:41.887 AM"}
{"level":"alert","message":"Probando alert","timestamp":"2023-11-19 11:35:41.888 AM"}
{"level":"crit","message":"Probando crit","timestamp":"2023-11-19 11:35:41.889 AM"}
{"level":"error","message":"Probando error","timestamp":"2023-11-19 11:35:41.889 AM"}
{"level":"warning","message":"Probando warning","timestamp":"2023-11-19 11:35:41.890 AM"}
{"level":"notice","message":"Probando notice","timestamp":"2023-11-19 11:35:41.890 AM"}
{"level":"info","message":"Probando info","timestamp":"2023-11-19 11:35:41.890 AM"}
{"level":"debug","message":"Probando debug","timestamp":"2023-11-19 11:35:41.890 AM"}
{"level":"emerg","message":"Probando emerg","timestamp":"2023-11-19 11:35:42.846 AM"}
{"level":"alert","message":"Probando alert","timestamp":"2023-11-19 11:35:42.848 AM"}
{"level":"crit","message":"Probando crit","timestamp":"2023-11-19 11:35:42.849 AM"}
{"level":"error","message":"Probando error","timestamp":"2023-11-19 11:35:42.850 AM"}
{"level":"warning","message":"Probando warning","timestamp":"2023-11-19 11:35:42.851 AM"}
{"level":"notice","message":"Probando notice","timestamp":"2023-11-19 11:35:42.851 AM"}
{"level":"info","message":"Probando info","timestamp":"2023-11-19 11:35:42.852 AM"}
{"level":"debug","message":"Probando debug","timestamp":"2023-11-19 11:35:42.853 AM"}
{"level":"emerg","message":"Probando emerg","timestamp":"2023-11-19 11:35:43.571 AM"}
{"level":"alert","message":"Probando alert","timestamp":"2023-11-19 11:35:43.572 AM"}
{"level":"crit","message":"Probando crit","timestamp":"2023-11-19 11:35:43.573 AM"}
{"level":"error","message":"Probando error","timestamp":"2023-11-19 11:35:43.573 AM"}
{"level":"warning","message":"Probando warning","timestamp":"2023-11-19 11:35:43.574 AM"}
{"level":"notice","message":"Probando notice","timestamp":"2023-11-19 11:35:43.575 AM"}
{"level":"info","message":"Probando info","timestamp":"2023-11-19 11:35:43.575 AM"}
{"level":"debug","message":"Probando debug","timestamp":"2023-11-19 11:35:43.576 AM"}
