{"level":"emerg","message":"Probando emerg","timestamp":"2023-11-16 11:20:02.433 AM"}
{"level":"alert","message":"Probando alert","timestamp":"2023-11-16 11:20:02.438 AM"}
{"level":"crit","message":"Probando crit","timestamp":"2023-11-16 11:20:02.440 AM"}
{"level":"error","message":"Probando error","timestamp":"2023-11-16 11:20:02.442 AM"}
{"level":"warning","message":"Probando warning","timestamp":"2023-11-16 11:20:02.443 AM"}
{"level":"notice","message":"Probando notice","timestamp":"2023-11-16 11:20:02.444 AM"}
{"level":"info","message":"Probando info","timestamp":"2023-11-16 11:20:02.445 AM"}
{"level":"debug","message":"Probando debug","timestamp":"2023-11-16 11:20:02.446 AM"}
{"level":"emerg","message":"Probando emerg","timestamp":"2023-11-16 11:20:58.382 AM"}
{"level":"alert","message":"Probando alert","timestamp":"2023-11-16 11:20:58.386 AM"}
{"level":"crit","message":"Probando crit","timestamp":"2023-11-16 11:20:58.387 AM"}
{"level":"error","message":"Probando error","timestamp":"2023-11-16 11:20:58.390 AM"}
{"level":"warning","message":"Probando warning","timestamp":"2023-11-16 11:20:58.391 AM"}
{"level":"notice","message":"Probando notice","timestamp":"2023-11-16 11:20:58.392 AM"}
{"level":"info","message":"Probando info","timestamp":"2023-11-16 11:20:58.392 AM"}
{"level":"debug","message":"Probando debug","timestamp":"2023-11-16 11:20:58.393 AM"}
{"level":"emerg","message":"Probando emerg","timestamp":"2023-11-16 11:25:56.075 AM"}
{"level":"alert","message":"Probando alert","timestamp":"2023-11-16 11:25:56.080 AM"}
{"level":"crit","message":"Probando crit","timestamp":"2023-11-16 11:25:56.082 AM"}
{"level":"error","message":"Probando error","timestamp":"2023-11-16 11:25:56.086 AM"}
{"level":"warning","message":"Probando warning","timestamp":"2023-11-16 11:25:56.088 AM"}
{"level":"notice","message":"Probando notice","timestamp":"2023-11-16 11:25:56.089 AM"}
{"level":"info","message":"Probando info","timestamp":"2023-11-16 11:25:56.090 AM"}
{"level":"debug","message":"Probando debug","timestamp":"2023-11-16 11:25:56.091 AM"}
{"level":"emerg","message":"Probando emerg","timestamp":"2023-11-16 11:26:37.424 AM"}
{"level":"alert","message":"Probando alert","timestamp":"2023-11-16 11:26:37.428 AM"}
{"level":"crit","message":"Probando crit","timestamp":"2023-11-16 11:26:37.430 AM"}
{"level":"error","message":"Probando error","timestamp":"2023-11-16 11:26:37.432 AM"}
{"level":"warning","message":"Probando warning","timestamp":"2023-11-16 11:26:37.433 AM"}
{"level":"notice","message":"Probando notice","timestamp":"2023-11-16 11:26:37.435 AM"}
{"level":"info","message":"Probando info","timestamp":"2023-11-16 11:26:37.435 AM"}
{"level":"debug","message":"Probando debug","timestamp":"2023-11-16 11:26:37.436 AM"}
{"level":"emerg","message":"Probando emerg","timestamp":"2023-11-16 11:30:57.005 AM"}
{"level":"alert","message":"Probando alert","timestamp":"2023-11-16 11:30:57.011 AM"}
{"level":"crit","message":"Probando crit","timestamp":"2023-11-16 11:30:57.013 AM"}
{"level":"error","message":"Probando error","timestamp":"2023-11-16 11:30:57.014 AM"}
{"level":"warning","message":"Probando warning","timestamp":"2023-11-16 11:30:57.015 AM"}
{"level":"notice","message":"Probando notice","timestamp":"2023-11-16 11:30:57.016 AM"}
{"level":"info","message":"Probando info","timestamp":"2023-11-16 11:30:57.017 AM"}
{"level":"debug","message":"Probando debug","timestamp":"2023-11-16 11:30:57.018 AM"}
{"level":"emerg","message":"Probando emerg","timestamp":"2023-11-16 11:31:12.917 AM"}
{"level":"alert","message":"Probando alert","timestamp":"2023-11-16 11:31:12.921 AM"}
{"level":"crit","message":"Probando crit","timestamp":"2023-11-16 11:31:12.923 AM"}
{"level":"error","message":"Probando error","timestamp":"2023-11-16 11:31:12.925 AM"}
{"level":"warning","message":"Probando warning","timestamp":"2023-11-16 11:31:12.925 AM"}
{"level":"notice","message":"Probando notice","timestamp":"2023-11-16 11:31:12.926 AM"}
{"level":"info","message":"Probando info","timestamp":"2023-11-16 11:31:12.927 AM"}
{"level":"debug","message":"Probando debug","timestamp":"2023-11-16 11:31:12.927 AM"}
{"level":"emerg","message":"Probando emerg","timestamp":"2023-11-16 11:31:56.671 AM"}
{"level":"alert","message":"Probando alert","timestamp":"2023-11-16 11:31:56.675 AM"}
{"level":"crit","message":"Probando crit","timestamp":"2023-11-16 11:31:56.676 AM"}
{"level":"error","message":"Probando error","timestamp":"2023-11-16 11:31:56.678 AM"}
{"level":"warning","message":"Probando warning","timestamp":"2023-11-16 11:31:56.680 AM"}
{"level":"notice","message":"Probando notice","timestamp":"2023-11-16 11:31:56.682 AM"}
{"level":"info","message":"Probando info","timestamp":"2023-11-16 11:31:56.683 AM"}
{"level":"debug","message":"Probando debug","timestamp":"2023-11-16 11:31:56.686 AM"}
{"level":"emerg","message":"Probando emerg","timestamp":"2023-11-16 11:36:18.008 AM"}
{"level":"alert","message":"Probando alert","timestamp":"2023-11-16 11:36:18.012 AM"}
{"level":"crit","message":"Probando crit","timestamp":"2023-11-16 11:36:18.014 AM"}
{"level":"error","message":"Probando error","timestamp":"2023-11-16 11:36:18.015 AM"}
{"level":"warning","message":"Probando warning","timestamp":"2023-11-16 11:36:18.016 AM"}
{"level":"notice","message":"Probando notice","timestamp":"2023-11-16 11:36:18.018 AM"}
{"level":"info","message":"Probando info","timestamp":"2023-11-16 11:36:18.018 AM"}
{"level":"debug","message":"Probando debug","timestamp":"2023-11-16 11:36:18.019 AM"}
{"level":"error","message":"PROBANDO EXCEPCIÓN","stack":"Error: PROBANDO EXCEPCIÓN\n    at C:\\Users\\marno\\Desktop\\Programacion\\log-service-winston\\src\\app.ts:27:9\n    at Layer.handle [as handle_request] (C:\\Users\\marno\\node_modules\\express\\lib\\router\\layer.js:95:5)\n    at next (C:\\Users\\marno\\node_modules\\express\\lib\\router\\route.js:144:13)\n    at Route.dispatch (C:\\Users\\marno\\node_modules\\express\\lib\\router\\route.js:114:3)\n    at Layer.handle [as handle_request] (C:\\Users\\marno\\node_modules\\express\\lib\\router\\layer.js:95:5)\n    at C:\\Users\\marno\\node_modules\\express\\lib\\router\\index.js:284:15\n    at Function.process_params (C:\\Users\\marno\\node_modules\\express\\lib\\router\\index.js:346:12)\n    at next (C:\\Users\\marno\\node_modules\\express\\lib\\router\\index.js:280:10)\n    at logRequestsInfo (C:\\Users\\marno\\Desktop\\Programacion\\log-service-winston\\src\\middlewares\\requests-logger.ts:17:2)\n    at Layer.handle [as handle_request] (C:\\Users\\marno\\node_modules\\express\\lib\\router\\layer.js:95:5)","timestamp":"2023-11-16 11:36:24.707 AM"}
{"level":"emerg","message":"Probando emerg","timestamp":"2023-11-16 11:36:28.765 AM"}
{"level":"alert","message":"Probando alert","timestamp":"2023-11-16 11:36:28.766 AM"}
{"level":"crit","message":"Probando crit","timestamp":"2023-11-16 11:36:28.767 AM"}
{"level":"error","message":"Probando error","timestamp":"2023-11-16 11:36:28.768 AM"}
{"level":"warning","message":"Probando warning","timestamp":"2023-11-16 11:36:28.769 AM"}
{"level":"notice","message":"Probando notice","timestamp":"2023-11-16 11:36:28.771 AM"}
{"level":"info","message":"Probando info","timestamp":"2023-11-16 11:36:28.771 AM"}
{"level":"debug","message":"Probando debug","timestamp":"2023-11-16 11:36:28.772 AM"}
{"level":"emerg","message":"Probando emerg","timestamp":"2023-11-16 11:38:20.678 AM"}
{"level":"alert","message":"Probando alert","timestamp":"2023-11-16 11:38:20.682 AM"}
{"level":"crit","message":"Probando crit","timestamp":"2023-11-16 11:38:20.684 AM"}
{"level":"error","message":"Probando error","timestamp":"2023-11-16 11:38:20.685 AM"}
{"level":"warning","message":"Probando warning","timestamp":"2023-11-16 11:38:20.687 AM"}
{"level":"notice","message":"Probando notice","timestamp":"2023-11-16 11:38:20.688 AM"}
{"level":"info","message":"Probando info","timestamp":"2023-11-16 11:38:20.689 AM"}
{"level":"debug","message":"Probando debug","timestamp":"2023-11-16 11:38:20.691 AM"}
{"level":"emerg","message":"Probando emerg","timestamp":"2023-11-16 11:38:40.636 AM"}
{"level":"alert","message":"Probando alert","timestamp":"2023-11-16 11:38:40.640 AM"}
{"level":"emerg","message":"Probando emerg","timestamp":"2023-11-16 11:39:11.118 AM"}
{"level":"emerg","message":"Probando emerg","timestamp":"2023-11-16 11:42:08.701 AM"}
{"level":"alert","message":"Probando alert","timestamp":"2023-11-16 11:42:08.705 AM"}
{"level":"crit","message":"Probando crit","timestamp":"2023-11-16 11:42:08.707 AM"}
{"level":"error","message":"Probando error","timestamp":"2023-11-16 11:42:08.708 AM"}
{"level":"warning","message":"Probando warning","timestamp":"2023-11-16 11:42:08.709 AM"}
{"level":"notice","message":"Probando notice","timestamp":"2023-11-16 11:42:08.710 AM"}
{"level":"info","message":"Probando info","timestamp":"2023-11-16 11:42:08.711 AM"}
{"level":"debug","message":"Probando debug","timestamp":"2023-11-16 11:42:08.712 AM"}
{"level":"emerg","message":"Probando emerg","timestamp":"2023-11-16 11:43:20.972 AM"}
{"level":"alert","message":"Probando alert","timestamp":"2023-11-16 11:43:20.976 AM"}
{"level":"crit","message":"Probando crit","timestamp":"2023-11-16 11:43:20.977 AM"}
{"level":"error","message":"Probando error","timestamp":"2023-11-16 11:43:20.979 AM"}
{"level":"warning","message":"Probando warning","timestamp":"2023-11-16 11:43:20.980 AM"}
{"level":"notice","message":"Probando notice","timestamp":"2023-11-16 11:43:20.981 AM"}
{"level":"info","message":"Probando info","timestamp":"2023-11-16 11:43:20.982 AM"}
{"level":"debug","message":"Probando debug","timestamp":"2023-11-16 11:43:20.983 AM"}
{"level":"emerg","message":"Probando emerg","timestamp":"2023-11-16 11:44:07.323 AM"}
{"level":"alert","message":"Probando alert","timestamp":"2023-11-16 11:44:07.328 AM"}
{"level":"crit","message":"Probando crit","timestamp":"2023-11-16 11:44:07.329 AM"}
{"level":"error","message":"Probando error","timestamp":"2023-11-16 11:44:07.330 AM"}
{"level":"warning","message":"Probando warning","timestamp":"2023-11-16 11:44:07.331 AM"}
{"level":"notice","message":"Probando notice","timestamp":"2023-11-16 11:44:07.332 AM"}
{"level":"info","message":"Probando info","timestamp":"2023-11-16 11:44:07.332 AM"}
{"level":"debug","message":"Probando debug","timestamp":"2023-11-16 11:44:07.333 AM"}
{"level":"emerg","message":"Probando emerg","timestamp":"2023-11-16 11:47:26.487 AM"}
{"level":"emerg","message":"Probando emerg","timestamp":"2023-11-16 11:51:43.653 AM"}
